nohup: ignoring input
/home/jepetolee/PycharmProjects/rc_car_env/lib/python3.11/site-packages/pygame/pkgdata.py:25: UserWarning: pkg_resources is deprecated as an API. See https://setuptools.pypa.io/en/latest/pkg_resources.html. The pkg_resources package is slated for removal as early as 2025-11-30. Refrain from using this package or pin to Setuptools<81.
  from pkg_resources import resource_stream, resource_exists
pygame 2.6.1 (SDL 2.28.4, Python 3.11.14)
Hello from the pygame community. https://www.pygame.org/contribute.html
Gym has been unmaintained since 2022 and does not support NumPy 2.0 amongst other critical functionality.
Please upgrade to Gymnasium, the maintained drop-in replacement of Gym, or contact the authors of your software and request that they upgrade.
Users of this version of Gym should be able to simply replace 'import gym' with 'import gymnasium as gym' in the vast majority of cases.
See the migration guide at https://gymnasium.farama.org/introduction/migration_guide/ for additional information.
사용 디바이스: cuda
환경 타입: carracing
확장된 액션 공간: True
============================================================
Gym CarRacing 환경 사용 - 사전학습 권장
============================================================
TRM-PPO 모드: n_cycles=4, latent_dim=256, carry_latent=True
============================================================
📊 Monte Carlo 모드 활성화
  -> GAE 대신 순수 에피소드 리턴 사용
  -> 에피소드 종료 시에만 업데이트
============================================================
📊 TensorBoard 로그: runs/TRM-PPO_n4_20251126_133616
   실행: tensorboard --logdir=runs
============================================================
PPO 강화학습 시작
  -> TRM-PPO 모드 (재귀 추론 + 잠재 상태 carry-over)
  -> n_cycles: 4, carry_latent: True
============================================================
총 학습 스텝: 1000000
업데이트 주기: 2048 스텝
에피소드 최대 길이: 1000
============================================================
[Ep 1] R: -61.67 (Avg100: -61.67), Len: 1000, Steps: 1000
[MC] [Step 1000] Loss: 9.3445, π: 0.1498, V: 18.4203, H: 1.541, Adv: -5.77±2.92, Ratio: 1.137
[Ep 2] R: -53.31 (Avg100: -57.49), Len: 1000, Steps: 2000
[MC] [Step 2000] Loss: 3.0146, π: 0.0178, V: 6.0255, H: 1.593, Adv: -1.79±2.32, Ratio: 1.006
[Ep 3] R: 18.32 (Avg100: -32.22), Len: 1000, Steps: 3000
[MC] [Step 3000] Loss: 11.1272, π: 0.1546, V: 21.9757, H: 1.524, Adv: 6.30±1.99, Ratio: 1.166
[Ep 4] R: -41.18 (Avg100: -34.46), Len: 1000, Steps: 4000
[MC] [Step 4000] Loss: 22.8636, π: 0.2225, V: 45.3102, H: 1.391, Adv: -7.81±1.73, Ratio: 1.349
[Ep 5] R: -83.22 (Avg100: -44.21), Len: 1000, Steps: 5000
[MC] [Step 5000] Loss: 17.7295, π: 0.1870, V: 35.1137, H: 1.425, Adv: -8.16±2.51, Ratio: 1.384
[Ep 6] R: -84.44 (Avg100: -50.92), Len: 1000, Steps: 6000
[MC] [Step 6000] Loss: 2.4245, π: 0.0950, V: 4.6897, H: 1.533, Adv: -2.05±1.97, Ratio: 1.122
[Ep 7] R: -50.70 (Avg100: -50.89), Len: 1000, Steps: 7000
[MC] [Step 7000] Loss: 2.7675, π: 0.0501, V: 5.4658, H: 1.558, Adv: 2.99±1.38, Ratio: 0.992
[Ep 8] R: -34.62 (Avg100: -48.85), Len: 1000, Steps: 8000
[MC] [Step 8000] Loss: 0.9910, π: 0.0288, V: 1.9563, H: 1.603, Adv: 0.31±1.40, Ratio: 0.982
[Ep 9] R: -50.19 (Avg100: -49.00), Len: 1000, Steps: 9000
[MC] [Step 9000] Loss: 2.3829, π: 0.0094, V: 4.7790, H: 1.601, Adv: -1.66±1.96, Ratio: 1.011
Model saved to ppo_model_best.pth
🏆 새로운 최고 기록! Avg Reward: -48.80
[Ep 10] R: -47.00 (Avg100: -48.80), Len: 1000, Steps: 10000
[MC] [Step 10000] Loss: 1.3032, π: 0.0116, V: 2.6152, H: 1.601, Adv: 0.63±1.57, Ratio: 1.010
Model saved to ppo_model.pth
Model saved at step 10000
[Ep 11] R: -59.04 (Avg100: -49.73), Len: 1000, Steps: 11000
[MC] [Step 11000] Loss: 1.4081, π: 0.0059, V: 2.8363, H: 1.596, Adv: -1.02±1.58, Ratio: 1.002
[Ep 12] R: -54.84 (Avg100: -50.16), Len: 1000, Steps: 12000
[MC] [Step 12000] Loss: 1.2561, π: 0.0144, V: 2.5154, H: 1.593, Adv: 0.73±1.50, Ratio: 1.002
[Ep 13] R: -33.33 (Avg100: -48.86), Len: 1000, Steps: 13000
[MC] [Step 13000] Loss: 1.5021, π: 0.0286, V: 2.9791, H: 1.602, Adv: 1.78±1.31, Ratio: 0.998
[Ep 14] R: -59.04 (Avg100: -49.59), Len: 1000, Steps: 14000
[MC] [Step 14000] Loss: 6.4002, π: -0.0007, V: 12.8339, H: 1.604, Adv: -2.83±2.19, Ratio: 1.005
[Ep 15] R: -71.06 (Avg100: -51.02), Len: 1000, Steps: 15000
[MC] [Step 15000] Loss: 4.4395, π: 0.0143, V: 8.8821, H: 1.591, Adv: -3.21±1.73, Ratio: 1.026
[Ep 16] R: -68.86 (Avg100: -52.14), Len: 1000, Steps: 16000
[MC] [Step 16000] Loss: 2.1632, π: 0.0391, V: 4.2799, H: 1.585, Adv: -1.22±1.97, Ratio: 1.045
[Ep 17] R: -62.85 (Avg100: -52.77), Len: 1000, Steps: 17000
[MC] [Step 17000] Loss: 2.0083, π: 0.0374, V: 3.9733, H: 1.574, Adv: 0.97±1.76, Ratio: 1.028
[Ep 18] R: -13.39 (Avg100: -50.58), Len: 1000, Steps: 18000
[MC] [Step 18000] Loss: 12.3120, π: 0.1380, V: 24.3782, H: 1.516, Adv: 5.05±2.02, Ratio: 1.150
[Ep 19] R: -38.05 (Avg100: -49.92), Len: 1000, Steps: 19000
[MC] [Step 19000] Loss: 6.7497, π: 0.2468, V: 13.0351, H: 1.466, Adv: 1.13±3.57, Ratio: 1.300
[Ep 20] R: -50.29 (Avg100: -49.94), Len: 1000, Steps: 20000
[MC] [Step 20000] Loss: 1.5752, π: 0.0740, V: 3.0337, H: 1.562, Adv: -1.12±1.60, Ratio: 1.024
Model saved to ppo_model.pth
Model saved at step 20000
[Ep 21] R: -76.82 (Avg100: -51.22), Len: 1000, Steps: 21000
[MC] [Step 21000] Loss: 4.1664, π: 0.0622, V: 8.2396, H: 1.553, Adv: -2.32±2.21, Ratio: 1.090
[Ep 22] R: -79.80 (Avg100: -52.52), Len: 1000, Steps: 22000
[MC] [Step 22000] Loss: 2.1711, π: 0.0598, V: 4.2537, H: 1.554, Adv: -1.51±1.79, Ratio: 1.100
[Ep 23] R: -78.95 (Avg100: -53.67), Len: 1000, Steps: 23000
[MC] [Step 23000] Loss: 1.6200, π: 0.0516, V: 3.1684, H: 1.579, Adv: -0.16±1.76, Ratio: 1.061
[Ep 24] R: -42.53 (Avg100: -53.20), Len: 1000, Steps: 24000
[MC] [Step 24000] Loss: 7.1201, π: 0.0162, V: 14.2398, H: 1.601, Adv: 3.67±1.58, Ratio: 1.014
[Ep 25] R: -34.64 (Avg100: -52.46), Len: 1000, Steps: 25000
[MC] [Step 25000] Loss: 5.7408, π: 0.0592, V: 11.3947, H: 1.573, Adv: 3.48±1.46, Ratio: 1.048
[Ep 26] R: -20.75 (Avg100: -51.24), Len: 1000, Steps: 26000
[MC] [Step 26000] Loss: 6.7488, π: 0.1348, V: 13.2587, H: 1.532, Adv: 3.51±2.10, Ratio: 1.141
[Ep 27] R: -32.20 (Avg100: -50.54), Len: 1000, Steps: 27000
[MC] [Step 27000] Loss: 7.3500, π: 0.2049, V: 14.3204, H: 1.509, Adv: 1.33±3.71, Ratio: 1.228
[Ep 28] R: -33.77 (Avg100: -49.94), Len: 1000, Steps: 28000
[MC] [Step 28000] Loss: 1.8629, π: 0.0679, V: 3.6215, H: 1.578, Adv: 0.03±1.90, Ratio: 0.963
[Ep 29] R: -73.06 (Avg100: -50.73), Len: 1000, Steps: 29000
[MC] [Step 29000] Loss: 7.3068, π: 0.0264, V: 14.5926, H: 1.596, Adv: -3.72±1.68, Ratio: 1.015
[Ep 30] R: -60.00 (Avg100: -51.04), Len: 1000, Steps: 30000
[MC] [Step 30000] Loss: 2.1373, π: 0.0259, V: 4.2548, H: 1.599, Adv: -1.83±1.54, Ratio: 1.027
Model saved to ppo_model.pth
Model saved at step 30000
[Ep 31] R: -66.97 (Avg100: -51.56), Len: 1000, Steps: 31000
[MC] [Step 31000] Loss: 2.2740, π: 0.0054, V: 4.5692, H: 1.601, Adv: -1.17±2.00, Ratio: 1.006
[Ep 32] R: -62.20 (Avg100: -51.89), Len: 1000, Steps: 32000
[MC] [Step 32000] Loss: 2.4432, π: 0.0066, V: 4.9054, H: 1.605, Adv: 0.31±2.16, Ratio: 1.009
[Ep 33] R: -40.96 (Avg100: -51.56), Len: 1000, Steps: 33000
[MC] [Step 33000] Loss: 4.0480, π: 0.0244, V: 8.0789, H: 1.592, Adv: 2.39±1.87, Ratio: 1.020
[Ep 34] R: -41.69 (Avg100: -51.27), Len: 1000, Steps: 34000
[MC] [Step 34000] Loss: 1.9009, π: 0.0687, V: 3.6959, H: 1.577, Adv: 1.73±1.36, Ratio: 1.065
[Ep 35] R: -30.66 (Avg100: -50.68), Len: 1000, Steps: 35000
[MC] [Step 35000] Loss: 1.8145, π: 0.0585, V: 3.5437, H: 1.585, Adv: 1.66±1.42, Ratio: 1.058
[Ep 36] R: -27.80 (Avg100: -50.04), Len: 1000, Steps: 36000
[MC] [Step 36000] Loss: 1.7078, π: 0.0284, V: 3.3910, H: 1.602, Adv: 1.01±1.74, Ratio: 1.015
[Ep 37] R: -55.62 (Avg100: -50.19), Len: 1000, Steps: 37000
[MC] [Step 37000] Loss: 5.4094, π: 0.0094, V: 10.8319, H: 1.594, Adv: -2.65±1.72, Ratio: 1.008
[Ep 38] R: -69.80 (Avg100: -50.71), Len: 1000, Steps: 38000
[MC] [Step 38000] Loss: 8.6408, π: 0.0597, V: 17.1930, H: 1.546, Adv: -3.99±1.89, Ratio: 1.097
[Ep 39] R: -75.61 (Avg100: -51.35), Len: 1000, Steps: 39000
[MC] [Step 39000] Loss: 7.3589, π: 0.1132, V: 14.5215, H: 1.504, Adv: -3.70±1.91, Ratio: 1.180
[Ep 40] R: -82.04 (Avg100: -52.12), Len: 1000, Steps: 40000
[MC] [Step 40000] Loss: 6.1749, π: 0.1274, V: 12.1245, H: 1.471, Adv: -3.39±1.81, Ratio: 1.229
Model saved to ppo_model.pth
Model saved at step 40000
[Ep 41] R: -81.68 (Avg100: -52.84), Len: 1000, Steps: 41000
[MC] [Step 41000] Loss: 4.5733, π: 0.1408, V: 8.8938, H: 1.445, Adv: -2.69±1.91, Ratio: 1.284
[Ep 42] R: -86.71 (Avg100: -53.64), Len: 1000, Steps: 42000
[MC] [Step 42000] Loss: 3.0654, π: 0.1137, V: 5.9319, H: 1.425, Adv: -1.94±1.89, Ratio: 1.279
[Ep 43] R: -83.16 (Avg100: -54.33), Len: 1000, Steps: 43000
[MC] [Step 43000] Loss: 3.1142, π: 0.1520, V: 5.9530, H: 1.426, Adv: -0.74±2.41, Ratio: 1.339
[Ep 44] R: -82.46 (Avg100: -54.97), Len: 1000, Steps: 44000
[MC] [Step 44000] Loss: 3.1456, π: 0.0830, V: 6.1554, H: 1.514, Adv: 0.26±2.46, Ratio: 1.124
[Ep 45] R: -79.89 (Avg100: -55.52), Len: 1000, Steps: 45000
[MC] [Step 45000] Loss: 1.8351, π: 0.1098, V: 3.4819, H: 1.560, Adv: 0.47±1.85, Ratio: 1.114
[Ep 46] R: -64.29 (Avg100: -55.71), Len: 1000, Steps: 46000
[MC] [Step 46000] Loss: 1.6476, π: 0.0231, V: 3.2806, H: 1.584, Adv: 1.19±1.56, Ratio: 1.005
[Ep 47] R: -33.96 (Avg100: -55.25), Len: 1000, Steps: 47000
[MC] [Step 47000] Loss: 5.9720, π: 0.1150, V: 11.7450, H: 1.553, Adv: 3.32±1.74, Ratio: 1.122
[Ep 48] R: -38.42 (Avg100: -54.90), Len: 1000, Steps: 48000
[MC] [Step 48000] Loss: 2.6028, π: 0.1225, V: 4.9914, H: 1.547, Adv: 2.19±1.35, Ratio: 1.134
[Ep 49] R: -33.55 (Avg100: -54.46), Len: 1000, Steps: 49000
[MC] [Step 49000] Loss: 1.9990, π: 0.1281, V: 3.7725, H: 1.536, Adv: 1.47±1.68, Ratio: 1.131
[Ep 50] R: -47.37 (Avg100: -54.32), Len: 1000, Steps: 50000
[MC] [Step 50000] Loss: 1.5629, π: 0.0972, V: 2.9629, H: 1.572, Adv: -1.10±1.21, Ratio: 1.092
Model saved to ppo_model.pth
Model saved at step 50000
[Ep 51] R: -66.67 (Avg100: -54.56), Len: 1000, Steps: 51000
[MC] [Step 51000] Loss: 5.0429, π: 0.0119, V: 10.0937, H: 1.586, Adv: -2.81±2.05, Ratio: 1.005
[Ep 52] R: -74.36 (Avg100: -54.95), Len: 1000, Steps: 52000
[MC] [Step 52000] Loss: 3.9228, π: 0.0853, V: 7.7060, H: 1.543, Adv: -2.53±1.73, Ratio: 1.106
[Ep 53] R: -71.33 (Avg100: -55.25), Len: 1000, Steps: 53000
[MC] [Step 53000] Loss: 3.1857, π: 0.1002, V: 6.2014, H: 1.521, Adv: -1.54±2.18, Ratio: 1.166
[Ep 54] R: -70.37 (Avg100: -55.53), Len: 1000, Steps: 54000
[MC] [Step 54000] Loss: 1.5183, π: 0.1046, V: 2.8580, H: 1.533, Adv: -0.70±1.64, Ratio: 1.148
[Ep 55] R: -72.97 (Avg100: -55.85), Len: 1000, Steps: 55000
[MC] [Step 55000] Loss: 1.7447, π: 0.0380, V: 3.4450, H: 1.583, Adv: -0.11±1.85, Ratio: 0.967
[Ep 56] R: -17.81 (Avg100: -55.17), Len: 1000, Steps: 56000
[MC] [Step 56000] Loss: 14.9818, π: 0.0915, V: 29.8120, H: 1.566, Adv: 5.24±1.96, Ratio: 1.078
[Ep 57] R: -27.15 (Avg100: -54.68), Len: 1000, Steps: 57000
[MC] [Step 57000] Loss: 7.4562, π: 0.0952, V: 14.7534, H: 1.560, Adv: 3.91±1.27, Ratio: 1.093
[Ep 58] R: -35.69 (Avg100: -54.35), Len: 1000, Steps: 58000
[MC] [Step 58000] Loss: 15.3156, π: 0.1057, V: 30.4508, H: 1.558, Adv: 2.22±5.18, Ratio: 1.095
[Ep 59] R: -28.83 (Avg100: -53.92), Len: 1000, Steps: 59000
[MC] [Step 59000] Loss: 4.0732, π: 0.0614, V: 8.0547, H: 1.560, Adv: 2.18±2.15, Ratio: 1.085
[Ep 60] R: -24.59 (Avg100: -53.43), Len: 1000, Steps: 60000
[MC] [Step 60000] Loss: 2.6312, π: 0.1082, V: 5.0773, H: 1.558, Adv: 1.90±1.63, Ratio: 1.103
Model saved to ppo_model.pth
Model saved at step 60000
[Ep 61] R: -34.03 (Avg100: -53.11), Len: 1000, Steps: 61000
[MC] [Step 61000] Loss: 13.1479, π: 0.0759, V: 26.1753, H: 1.570, Adv: -0.12±5.11, Ratio: 1.051
[Ep 62] R: -33.80 (Avg100: -52.80), Len: 1000, Steps: 62000
[MC] [Step 62000] Loss: 1.6134, π: 0.0315, V: 3.1960, H: 1.602, Adv: 0.23±1.78, Ratio: 1.004
[Ep 63] R: -53.49 (Avg100: -52.81), Len: 1000, Steps: 63000
[MC] [Step 63000] Loss: 3.3459, π: 0.0044, V: 6.7151, H: 1.605, Adv: -1.73±1.91, Ratio: 1.005
[Ep 64] R: -59.71 (Avg100: -52.92), Len: 1000, Steps: 64000
[MC] [Step 64000] Loss: 3.8067, π: 0.0019, V: 7.6416, H: 1.601, Adv: -2.17±1.97, Ratio: 1.011
[Ep 65] R: -71.88 (Avg100: -53.21), Len: 1000, Steps: 65000
[MC] [Step 65000] Loss: 4.1852, π: 0.0341, V: 8.3339, H: 1.589, Adv: -2.64±1.68, Ratio: 1.032
[Ep 66] R: -74.86 (Avg100: -53.54), Len: 1000, Steps: 66000
[MC] [Step 66000] Loss: 3.4939, π: 0.0542, V: 6.9108, H: 1.576, Adv: -2.23±1.80, Ratio: 1.058
[Ep 67] R: -69.80 (Avg100: -53.78), Len: 1000, Steps: 67000
[MC] [Step 67000] Loss: 2.5960, π: 0.0580, V: 5.1074, H: 1.572, Adv: -1.22±2.06, Ratio: 1.069
[Ep 68] R: -70.00 (Avg100: -54.02), Len: 1000, Steps: 68000
[MC] [Step 68000] Loss: 1.4941, π: 0.0392, V: 2.9416, H: 1.592, Adv: -0.50±1.69, Ratio: 1.038
[Ep 69] R: -51.72 (Avg100: -53.99), Len: 1000, Steps: 69000
[MC] [Step 69000] Loss: 2.8239, π: 0.0511, V: 5.5768, H: 1.560, Adv: 1.71±1.61, Ratio: 1.030
[Ep 70] R: -23.08 (Avg100: -53.55), Len: 1000, Steps: 70000
[MC] [Step 70000] Loss: 10.3806, π: 0.1729, V: 20.4453, H: 1.491, Adv: 4.03±2.43, Ratio: 1.218
Model saved to ppo_model.pth
Model saved at step 70000
[Ep 71] R: -30.23 (Avg100: -53.22), Len: 1000, Steps: 71000
[MC] [Step 71000] Loss: 17.1634, π: 0.2219, V: 33.9124, H: 1.471, Adv: 2.52±5.38, Ratio: 1.289
[Ep 72] R: -19.01 (Avg100: -52.74), Len: 1000, Steps: 72000
[MC] [Step 72000] Loss: 11.3667, π: 0.2174, V: 22.3281, H: 1.476, Adv: 2.89±3.96, Ratio: 1.266
[Ep 73] R: -28.84 (Avg100: -52.42), Len: 1000, Steps: 73000
[MC] [Step 73000] Loss: 16.8713, π: 0.2236, V: 33.3248, H: 1.471, Adv: 1.31±5.68, Ratio: 1.264
[Ep 74] R: -50.00 (Avg100: -52.38), Len: 1000, Steps: 74000
[MC] [Step 74000] Loss: 12.5033, π: 0.1481, V: 24.7406, H: 1.510, Adv: -1.15±4.81, Ratio: 1.178
[Ep 75] R: -52.90 (Avg100: -52.39), Len: 1000, Steps: 75000
[MC] [Step 75000] Loss: 6.0351, π: 0.0974, V: 11.9069, H: 1.566, Adv: -1.49±3.21, Ratio: 1.076
[Ep 76] R: -54.37 (Avg100: -52.42), Len: 1000, Steps: 76000
[MC] [Step 76000] Loss: 1.8191, π: 0.0225, V: 3.6252, H: 1.599, Adv: -0.94±1.78, Ratio: 1.011
[Ep 77] R: -64.41 (Avg100: -52.57), Len: 1000, Steps: 77000
[MC] [Step 77000] Loss: 1.9838, π: 0.0110, V: 3.9775, H: 1.598, Adv: -1.12±1.81, Ratio: 1.018
[Ep 78] R: -65.41 (Avg100: -52.74), Len: 1000, Steps: 78000
[MC] [Step 78000] Loss: 2.1235, π: 0.0031, V: 4.2728, H: 1.605, Adv: -0.54±2.05, Ratio: 1.007
[Ep 79] R: -39.16 (Avg100: -52.56), Len: 1000, Steps: 79000
[MC] [Step 79000] Loss: 5.0289, π: 0.0102, V: 10.0695, H: 1.599, Adv: 2.28±2.15, Ratio: 1.001
[Ep 80] R: -40.79 (Avg100: -52.42), Len: 1000, Steps: 80000
[MC] [Step 80000] Loss: 3.5378, π: 0.0614, V: 6.9845, H: 1.578, Adv: 2.32±1.55, Ratio: 1.058
Model saved to ppo_model.pth
Model saved at step 80000
[Ep 81] R: -32.48 (Avg100: -52.17), Len: 1000, Steps: 81000
[MC] [Step 81000] Loss: 4.0042, π: 0.0717, V: 7.8966, H: 1.578, Adv: 2.71±1.38, Ratio: 1.069
[Ep 82] R: -37.50 (Avg100: -51.99), Len: 1000, Steps: 82000
[MC] [Step 82000] Loss: 3.4308, π: 0.0735, V: 6.7461, H: 1.576, Adv: 1.63±2.26, Ratio: 1.063
[Ep 83] R: -39.93 (Avg100: -51.85), Len: 1000, Steps: 83000
[MC] [Step 83000] Loss: 1.6715, π: 0.0869, V: 3.2010, H: 1.584, Adv: -0.12±1.79, Ratio: 1.015
[Ep 84] R: -47.96 (Avg100: -51.80), Len: 1000, Steps: 84000
[MC] [Step 84000] Loss: 1.3627, π: 0.0117, V: 2.7340, H: 1.601, Adv: -0.72±1.57, Ratio: 0.995
[Ep 85] R: -59.26 (Avg100: -51.89), Len: 1000, Steps: 85000
[MC] [Step 85000] Loss: 2.2763, π: 0.0064, V: 4.5720, H: 1.607, Adv: -1.25±1.88, Ratio: 1.004
[Ep 86] R: -65.73 (Avg100: -52.05), Len: 1000, Steps: 86000
[MC] [Step 86000] Loss: 1.6496, π: 0.0014, V: 3.3285, H: 1.603, Adv: -1.10±1.61, Ratio: 1.010
[Ep 87] R: -62.62 (Avg100: -52.17), Len: 1000, Steps: 87000
[MC] [Step 87000] Loss: 1.3546, π: 0.0029, V: 2.7356, H: 1.606, Adv: -0.28±1.65, Ratio: 1.002
[Ep 88] R: -41.18 (Avg100: -52.05), Len: 1000, Steps: 88000
[MC] [Step 88000] Loss: 3.6709, π: 0.0137, V: 7.3464, H: 1.603, Adv: 2.14±1.73, Ratio: 1.014
[Ep 89] R: -41.78 (Avg100: -51.93), Len: 1000, Steps: 89000
[MC] [Step 89000] Loss: 3.1428, π: 0.0196, V: 6.2784, H: 1.602, Adv: 1.83±1.91, Ratio: 1.016
[Ep 90] R: -49.10 (Avg100: -51.90), Len: 1000, Steps: 90000
[MC] [Step 90000] Loss: 1.3524, π: 0.0045, V: 2.7281, H: 1.606, Adv: 0.69±1.59, Ratio: 1.006
Model saved to ppo_model.pth
Model saved at step 90000
[Ep 91] R: -49.64 (Avg100: -51.87), Len: 1000, Steps: 91000
[MC] [Step 91000] Loss: 1.3199, π: -0.0008, V: 2.6735, H: 1.609, Adv: -0.07±1.63, Ratio: 1.000
[Ep 92] R: -55.48 (Avg100: -51.91), Len: 1000, Steps: 92000
[MC] [Step 92000] Loss: 1.4775, π: -0.0012, V: 2.9895, H: 1.606, Adv: -0.56±1.68, Ratio: 1.005
[Ep 93] R: -71.34 (Avg100: -52.12), Len: 1000, Steps: 93000
[MC] [Step 93000] Loss: 2.6400, π: 0.0025, V: 5.3070, H: 1.604, Adv: -1.68±1.79, Ratio: 1.011
[Ep 94] R: -59.11 (Avg100: -52.20), Len: 1000, Steps: 94000
[MC] [Step 94000] Loss: 1.3946, π: 0.0005, V: 2.8203, H: 1.606, Adv: -0.29±1.67, Ratio: 1.001
[Ep 95] R: -55.22 (Avg100: -52.23), Len: 1000, Steps: 95000
[MC] [Step 95000] Loss: 1.6438, π: 0.0065, V: 3.3066, H: 1.605, Adv: 0.81±1.65, Ratio: 1.009
[Ep 96] R: -56.52 (Avg100: -52.27), Len: 1000, Steps: 96000
[MC] [Step 96000] Loss: 1.2072, π: 0.0037, V: 2.4391, H: 1.607, Adv: 0.48±1.53, Ratio: 1.006
[Ep 97] R: -61.66 (Avg100: -52.37), Len: 1000, Steps: 97000
[MC] [Step 97000] Loss: 1.1518, π: 0.0006, V: 2.3346, H: 1.609, Adv: -0.40±1.45, Ratio: 1.001
[Ep 98] R: -68.12 (Avg100: -52.53), Len: 1000, Steps: 98000
[MC] [Step 98000] Loss: 1.5385, π: -0.0014, V: 3.1118, H: 1.607, Adv: -1.01±1.54, Ratio: 1.004
[Ep 99] R: -61.40 (Avg100: -52.62), Len: 1000, Steps: 99000
[MC] [Step 99000] Loss: 1.3858, π: 0.0025, V: 2.7986, H: 1.606, Adv: -0.19±1.67, Ratio: 1.004
[Ep 100] R: -47.55 (Avg100: -52.57), Len: 1000, Steps: 100000
[MC] [Step 100000] Loss: 3.5854, π: 0.0261, V: 7.1504, H: 1.595, Adv: 1.47±2.29, Ratio: 1.024
Model saved to ppo_model.pth
Model saved at step 100000
[Ep 101] R: -46.49 (Avg100: -52.42), Len: 1000, Steps: 101000
[MC] [Step 101000] Loss: 1.2820, π: 0.0304, V: 2.5351, H: 1.597, Adv: 1.17±1.26, Ratio: 1.028
[Ep 102] R: -58.47 (Avg100: -52.47), Len: 1000, Steps: 102000
[MC] [Step 102000] Loss: 1.6715, π: 0.0023, V: 3.3706, H: 1.606, Adv: -0.32±1.79, Ratio: 1.005
[Ep 103] R: -56.99 (Avg100: -53.22), Len: 1000, Steps: 103000
[MC] [Step 103000] Loss: 1.7469, π: 0.0014, V: 3.5231, H: 1.607, Adv: -0.22±1.87, Ratio: 1.006
[Ep 104] R: -54.23 (Avg100: -53.35), Len: 1000, Steps: 104000
[MC] [Step 104000] Loss: 1.6825, π: -0.0022, V: 3.4016, H: 1.606, Adv: 0.31±1.82, Ratio: 1.001
[Ep 105] R: -43.40 (Avg100: -52.95), Len: 1000, Steps: 105000
[MC] [Step 105000] Loss: 2.1163, π: 0.0079, V: 4.2489, H: 1.606, Adv: 1.02±1.88, Ratio: 1.008
[Ep 106] R: -55.17 (Avg100: -52.66), Len: 1000, Steps: 106000
[MC] [Step 106000] Loss: 1.1701, π: -0.0002, V: 2.3727, H: 1.609, Adv: -0.39±1.47, Ratio: 1.001
[Ep 107] R: -57.89 (Avg100: -52.73), Len: 1000, Steps: 107000
[MC] [Step 107000] Loss: 1.5501, π: -0.0006, V: 3.1334, H: 1.608, Adv: -0.72±1.67, Ratio: 1.002
[Ep 108] R: -63.41 (Avg100: -53.02), Len: 1000, Steps: 108000
[MC] [Step 108000] Loss: 1.7820, π: 0.0015, V: 3.5930, H: 1.604, Adv: -0.78±1.81, Ratio: 1.010
[Ep 109] R: -59.46 (Avg100: -53.11), Len: 1000, Steps: 109000
[MC] [Step 109000] Loss: 1.7012, π: -0.0031, V: 3.4409, H: 1.608, Adv: 0.15±1.84, Ratio: 1.000
[Ep 110] R: -40.96 (Avg100: -53.05), Len: 1000, Steps: 110000
[MC] [Step 110000] Loss: 3.1820, π: 0.0085, V: 6.3790, H: 1.602, Adv: 1.85±1.87, Ratio: 1.011
Model saved to ppo_model.pth
Model saved at step 110000
[Ep 111] R: -56.25 (Avg100: -53.03), Len: 1000, Steps: 111000
[MC] [Step 111000] Loss: 0.8995, π: 0.0056, V: 1.8197, H: 1.603, Adv: 0.05±1.35, Ratio: 0.989
[Ep 112] R: -67.00 (Avg100: -53.15), Len: 1000, Steps: 112000
[MC] [Step 112000] Loss: 2.0911, π: -0.0015, V: 4.2174, H: 1.607, Adv: -1.05±1.83, Ratio: 1.005
[Ep 113] R: -56.23 (Avg100: -53.38), Len: 1000, Steps: 113000
[MC] [Step 113000] Loss: 2.0990, π: 0.0027, V: 4.2248, H: 1.608, Adv: 0.18±2.04, Ratio: 1.000
[Ep 114] R: -51.39 (Avg100: -53.30), Len: 1000, Steps: 114000
[MC] [Step 114000] Loss: 1.2509, π: 0.0069, V: 2.5202, H: 1.605, Adv: 0.57±1.53, Ratio: 1.007
[Ep 115] R: -55.41 (Avg100: -53.14), Len: 1000, Steps: 115000
[MC] [Step 115000] Loss: 2.2759, π: 0.0031, V: 4.5779, H: 1.607, Adv: -0.03±2.14, Ratio: 1.006
[Ep 116] R: -60.99 (Avg100: -53.06), Len: 1000, Steps: 116000
[MC] [Step 116000] Loss: 1.5044, π: -0.0025, V: 3.0460, H: 1.607, Adv: -0.78±1.62, Ratio: 1.005
[Ep 117] R: -62.59 (Avg100: -53.06), Len: 1000, Steps: 117000
[MC] [Step 117000] Loss: 2.5924, π: -0.0039, V: 5.2247, H: 1.607, Adv: -0.41±2.27, Ratio: 1.004
[Ep 118] R: -54.23 (Avg100: -53.47), Len: 1000, Steps: 118000
[MC] [Step 118000] Loss: 1.9856, π: -0.0024, V: 4.0082, H: 1.607, Adv: 0.97±1.73, Ratio: 1.008
[Ep 119] R: -54.72 (Avg100: -53.64), Len: 1000, Steps: 119000
[MC] [Step 119000] Loss: 1.7783, π: 0.0009, V: 3.5871, H: 1.609, Adv: 0.73±1.81, Ratio: 1.000
[Ep 120] R: -53.64 (Avg100: -53.67), Len: 1000, Steps: 120000
[MC] [Step 120000] Loss: 1.1792, π: 0.0030, V: 2.3844, H: 1.607, Adv: 0.54±1.51, Ratio: 1.003
Model saved to ppo_model.pth
Model saved at step 120000
[Ep 121] R: -50.88 (Avg100: -53.41), Len: 1000, Steps: 121000
[MC] [Step 121000] Loss: 1.1304, π: -0.0019, V: 2.2967, H: 1.607, Adv: 0.10±1.51, Ratio: 0.995
[Ep 122] R: -65.28 (Avg100: -53.27), Len: 1000, Steps: 122000
[MC] [Step 122000] Loss: 2.0467, π: -0.0006, V: 4.1267, H: 1.605, Adv: -1.34±1.61, Ratio: 1.008
[Ep 123] R: -50.53 (Avg100: -52.98), Len: 1000, Steps: 123000
[MC] [Step 123000] Loss: 1.5172, π: -0.0071, V: 3.0808, H: 1.607, Adv: 0.16±1.74, Ratio: 1.005
[Ep 124] R: -61.13 (Avg100: -53.17), Len: 1000, Steps: 124000
[MC] [Step 124000] Loss: 2.6108, π: -0.0021, V: 5.2579, H: 1.609, Adv: -0.79±2.15, Ratio: 1.002
[Ep 125] R: -54.37 (Avg100: -53.37), Len: 1000, Steps: 125000
[MC] [Step 125000] Loss: 2.2189, π: -0.0032, V: 4.4764, H: 1.608, Adv: -0.17±2.11, Ratio: 1.002
[Ep 126] R: -67.74 (Avg100: -53.84), Len: 1000, Steps: 126000
[MC] [Step 126000] Loss: 2.1651, π: -0.0009, V: 4.3642, H: 1.608, Adv: -0.89±1.93, Ratio: 1.003
[Ep 127] R: -61.31 (Avg100: -54.13), Len: 1000, Steps: 127000
[MC] [Step 127000] Loss: 1.3227, π: -0.0033, V: 2.6841, H: 1.608, Adv: -0.08±1.64, Ratio: 1.001
[Ep 128] R: -41.18 (Avg100: -54.20), Len: 1000, Steps: 128000
[MC] [Step 128000] Loss: 2.6196, π: 0.0021, V: 5.2672, H: 1.607, Adv: 1.66±1.70, Ratio: 1.003
[Ep 129] R: -44.27 (Avg100: -53.91), Len: 1000, Steps: 129000
[MC] [Step 129000] Loss: 2.3947, π: 0.0139, V: 4.7937, H: 1.604, Adv: 1.31±1.89, Ratio: 1.010
[Ep 130] R: -44.03 (Avg100: -53.75), Len: 1000, Steps: 130000
[MC] [Step 130000] Loss: 1.8235, π: 0.0068, V: 3.6654, H: 1.607, Adv: 0.71±1.85, Ratio: 1.009
Model saved to ppo_model.pth
Model saved at step 130000
[Ep 131] R: -51.49 (Avg100: -53.60), Len: 1000, Steps: 131000
[MC] [Step 131000] Loss: 1.1890, π: 0.0010, V: 2.4080, H: 1.609, Adv: -0.50±1.44, Ratio: 1.000
[Ep 132] R: -61.13 (Avg100: -53.59), Len: 1000, Steps: 132000
[MC] [Step 132000] Loss: 2.3241, π: -0.0021, V: 4.6846, H: 1.606, Adv: -1.39±1.76, Ratio: 1.005
[Ep 133] R: -65.75 (Avg100: -53.84), Len: 1000, Steps: 133000
[MC] [Step 133000] Loss: 3.2759, π: -0.0002, V: 6.5842, H: 1.602, Adv: -1.51±2.21, Ratio: 1.011
[Ep 134] R: -64.29 (Avg100: -54.06), Len: 1000, Steps: 134000
[MC] [Step 134000] Loss: 1.8714, π: 0.0080, V: 3.7589, H: 1.602, Adv: -0.83±1.84, Ratio: 1.015
[Ep 135] R: -61.04 (Avg100: -54.37), Len: 1000, Steps: 135000
[MC] [Step 135000] Loss: 1.2299, π: -0.0053, V: 2.5025, H: 1.606, Adv: -0.10±1.58, Ratio: 1.000
[Ep 136] R: -60.84 (Avg100: -54.70), Len: 1000, Steps: 136000
[MC] [Step 136000] Loss: 1.2930, π: 0.0059, V: 2.6063, H: 1.607, Adv: 0.31±1.60, Ratio: 1.005
[Ep 137] R: -51.67 (Avg100: -54.66), Len: 1000, Steps: 137000
[MC] [Step 137000] Loss: 1.6234, π: 0.0007, V: 3.2775, H: 1.608, Adv: 0.74±1.73, Ratio: 1.000
[Ep 138] R: -54.37 (Avg100: -54.50), Len: 1000, Steps: 138000
[MC] [Step 138000] Loss: 2.4959, π: 0.0022, V: 5.0195, H: 1.608, Adv: -0.01±2.24, Ratio: 1.001
[Ep 139] R: -57.38 (Avg100: -54.32), Len: 1000, Steps: 139000
[MC] [Step 139000] Loss: 1.9207, π: -0.0001, V: 3.8739, H: 1.608, Adv: -0.35±1.95, Ratio: 1.003
[Ep 140] R: -54.70 (Avg100: -54.05), Len: 1000, Steps: 140000
[MC] [Step 140000] Loss: 1.4678, π: -0.0001, V: 2.9679, H: 1.609, Adv: 0.28±1.69, Ratio: 0.999
Model saved to ppo_model.pth
Model saved at step 140000
[Ep 141] R: -58.73 (Avg100: -53.82), Len: 1000, Steps: 141000
[MC] [Step 141000] Loss: 1.0666, π: 0.0026, V: 2.1601, H: 1.607, Adv: -0.02±1.47, Ratio: 1.000
[Ep 142] R: -55.27 (Avg100: -53.50), Len: 1000, Steps: 142000
[MC] [Step 142000] Loss: 1.2191, π: 0.0066, V: 2.4571, H: 1.608, Adv: 0.35±1.54, Ratio: 1.004
[Ep 143] R: -55.48 (Avg100: -53.23), Len: 1000, Steps: 143000
[MC] [Step 143000] Loss: 1.6307, π: -0.0006, V: 3.2948, H: 1.608, Adv: 0.12±1.81, Ratio: 1.001
[Ep 144] R: -48.34 (Avg100: -52.88), Len: 1000, Steps: 144000
[MC] [Step 144000] Loss: 1.6141, π: 0.0005, V: 3.2593, H: 1.608, Adv: 0.45±1.76, Ratio: 1.003
[Ep 145] R: -52.70 (Avg100: -52.61), Len: 1000, Steps: 145000
[MC] [Step 145000] Loss: 1.2039, π: -0.0012, V: 2.4425, H: 1.607, Adv: -0.20±1.55, Ratio: 1.004
[Ep 146] R: -58.47 (Avg100: -52.55), Len: 1000, Steps: 146000
[MC] [Step 146000] Loss: 1.1006, π: 0.0010, V: 2.2314, H: 1.608, Adv: -0.57±1.43, Ratio: 1.002
[Ep 147] R: -49.09 (Avg100: -52.71), Len: 1000, Steps: 147000
[MC] [Step 147000] Loss: 1.7926, π: 0.0009, V: 3.6155, H: 1.608, Adv: 0.63±1.77, Ratio: 1.001
[Ep 148] R: -53.18 (Avg100: -52.85), Len: 1000, Steps: 148000
[MC] [Step 148000] Loss: 2.0488, π: -0.0013, V: 4.1323, H: 1.609, Adv: 0.39±2.02, Ratio: 1.002
[Ep 149] R: -51.85 (Avg100: -53.04), Len: 1000, Steps: 149000
[MC] [Step 149000] Loss: 1.1515, π: 0.0011, V: 2.3329, H: 1.609, Adv: 0.16±1.53, Ratio: 1.002
[Ep 150] R: -55.41 (Avg100: -53.12), Len: 1000, Steps: 150000
[MC] [Step 150000] Loss: 1.0676, π: 0.0011, V: 2.1652, H: 1.609, Adv: -0.50±1.41, Ratio: 1.001
Model saved to ppo_model.pth
Model saved at step 150000
[Ep 151] R: -61.90 (Avg100: -53.07), Len: 1000, Steps: 151000
[MC] [Step 151000] Loss: 1.6865, π: 0.0001, V: 3.4048, H: 1.609, Adv: -0.86±1.72, Ratio: 1.000
[Ep 152] R: -60.26 (Avg100: -52.93), Len: 1000, Steps: 152000
[MC] [Step 152000] Loss: 1.7763, π: -0.0029, V: 3.5905, H: 1.607, Adv: -0.24±1.89, Ratio: 1.004
[Ep 153] R: -57.75 (Avg100: -52.79), Len: 1000, Steps: 153000
[MC] [Step 153000] Loss: 1.4540, π: -0.0054, V: 2.9510, H: 1.607, Adv: 0.28±1.70, Ratio: 1.005
[Ep 154] R: -64.97 (Avg100: -52.74), Len: 1000, Steps: 154000
[MC] [Step 154000] Loss: 1.3400, π: -0.0006, V: 2.7133, H: 1.608, Adv: -0.48±1.57, Ratio: 1.000
[Ep 155] R: -51.14 (Avg100: -52.52), Len: 1000, Steps: 155000
[MC] [Step 155000] Loss: 1.3449, π: -0.0031, V: 2.7280, H: 1.607, Adv: 0.82±1.43, Ratio: 1.004
[Ep 156] R: -50.50 (Avg100: -52.85), Len: 1000, Steps: 156000
[MC] [Step 156000] Loss: 1.5237, π: 0.0024, V: 3.0746, H: 1.607, Adv: 0.88±1.60, Ratio: 1.005
[Ep 157] R: -52.22 (Avg100: -53.10), Len: 1000, Steps: 157000
[MC] [Step 157000] Loss: 1.5965, π: 0.0003, V: 3.2247, H: 1.608, Adv: 0.21±1.80, Ratio: 1.003
[Ep 158] R: -62.59 (Avg100: -53.37), Len: 1000, Steps: 158000
[MC] [Step 158000] Loss: 2.8827, π: -0.0010, V: 5.7996, H: 1.609, Adv: -1.12±2.15, Ratio: 1.002
[Ep 159] R: -57.06 (Avg100: -53.65), Len: 1000, Steps: 159000
[MC] [Step 159000] Loss: 1.8296, π: 0.0006, V: 3.6902, H: 1.609, Adv: -0.36±1.91, Ratio: 1.001
[Ep 160] R: -55.33 (Avg100: -53.96), Len: 1000, Steps: 160000
[MC] [Step 160000] Loss: 1.0709, π: -0.0006, V: 2.1752, H: 1.608, Adv: 0.07±1.47, Ratio: 1.003
Model saved to ppo_model.pth
Model saved at step 160000
[Ep 161] R: -64.41 (Avg100: -54.26), Len: 1000, Steps: 161000
[MC] [Step 161000] Loss: 1.3871, π: -0.0023, V: 2.8110, H: 1.608, Adv: -0.54±1.59, Ratio: 1.002
[Ep 162] R: -61.66 (Avg100: -54.54), Len: 1000, Steps: 162000
[MC] [Step 162000] Loss: 1.1077, π: -0.0012, V: 2.2501, H: 1.607, Adv: -0.24±1.50, Ratio: 1.003
[Ep 163] R: -62.07 (Avg100: -54.62), Len: 1000, Steps: 163000
[MC] [Step 163000] Loss: 1.6074, π: 0.0024, V: 3.2422, H: 1.608, Adv: -0.02±1.80, Ratio: 1.001
[Ep 164] R: -58.33 (Avg100: -54.61), Len: 1000, Steps: 164000
[MC] [Step 164000] Loss: 1.1286, π: -0.0000, V: 2.2895, H: 1.607, Adv: 0.43±1.48, Ratio: 1.005
[Ep 165] R: -52.68 (Avg100: -54.42), Len: 1000, Steps: 165000
[MC] [Step 165000] Loss: 1.5225, π: 0.0014, V: 3.0744, H: 1.607, Adv: 0.55±1.71, Ratio: 1.006
[Ep 166] R: -47.76 (Avg100: -54.15), Len: 1000, Steps: 166000
[MC] [Step 166000] Loss: 1.6883, π: 0.0012, V: 3.4065, H: 1.609, Adv: 0.43±1.83, Ratio: 1.000
[Ep 167] R: -59.32 (Avg100: -54.04), Len: 1000, Steps: 167000
[MC] [Step 167000] Loss: 2.3511, π: -0.0003, V: 4.7349, H: 1.609, Adv: -0.94±1.94, Ratio: 1.001
[Ep 168] R: -51.67 (Avg100: -53.86), Len: 1000, Steps: 168000
[MC] [Step 168000] Loss: 2.3593, π: -0.0009, V: 4.7525, H: 1.608, Adv: -0.56±2.14, Ratio: 1.001
[Ep 169] R: -49.81 (Avg100: -53.84), Len: 1000, Steps: 169000
[MC] [Step 169000] Loss: 1.2481, π: -0.0026, V: 2.5336, H: 1.608, Adv: 0.14±1.58, Ratio: 1.002
[Ep 170] R: -56.95 (Avg100: -54.18), Len: 1000, Steps: 170000
[MC] [Step 170000] Loss: 1.4893, π: -0.0020, V: 3.0147, H: 1.609, Adv: -0.39±1.69, Ratio: 1.001
Model saved to ppo_model.pth
Model saved at step 170000
[Ep 171] R: -56.67 (Avg100: -54.44), Len: 1000, Steps: 171000
[MC] [Step 171000] Loss: 1.4935, π: 0.0002, V: 3.0189, H: 1.609, Adv: -0.28±1.73, Ratio: 1.001
[Ep 172] R: -56.08 (Avg100: -54.81), Len: 1000, Steps: 172000
[MC] [Step 172000] Loss: 1.2462, π: -0.0006, V: 2.5259, H: 1.609, Adv: 0.23±1.57, Ratio: 1.001
[Ep 173] R: -51.05 (Avg100: -55.04), Len: 1000, Steps: 173000
[MC] [Step 173000] Loss: 1.6881, π: 0.0001, V: 3.4082, H: 1.609, Adv: 0.56±1.80, Ratio: 1.001
[Ep 174] R: -53.95 (Avg100: -55.08), Len: 1000, Steps: 174000
[MC] [Step 174000] Loss: 1.6693, π: 0.0011, V: 3.3686, H: 1.608, Adv: -0.11±1.83, Ratio: 1.002
[Ep 175] R: -57.79 (Avg100: -55.12), Len: 1000, Steps: 175000
[MC] [Step 175000] Loss: 1.6706, π: 0.0029, V: 3.3674, H: 1.609, Adv: -0.44±1.81, Ratio: 1.002
[Ep 176] R: -54.69 (Avg100: -55.13), Len: 1000, Steps: 176000
[MC] [Step 176000] Loss: 1.1132, π: 0.0004, V: 2.2577, H: 1.609, Adv: -0.04±1.50, Ratio: 1.000
[Ep 177] R: -58.48 (Avg100: -55.07), Len: 1000, Steps: 177000
[MC] [Step 177000] Loss: 1.9018, π: 0.0005, V: 3.8348, H: 1.609, Adv: -0.12±1.97, Ratio: 1.000
[Ep 178] R: -48.53 (Avg100: -54.90), Len: 1000, Steps: 178000
[MC] [Step 178000] Loss: 1.6091, π: -0.0003, V: 3.2510, H: 1.609, Adv: 0.87±1.57, Ratio: 1.001
[Ep 179] R: -53.67 (Avg100: -55.04), Len: 1000, Steps: 179000
[MC] [Step 179000] Loss: 1.8684, π: -0.0004, V: 3.7699, H: 1.609, Adv: 0.11±1.95, Ratio: 0.999
[Ep 180] R: -59.25 (Avg100: -55.23), Len: 1000, Steps: 180000
[MC] [Step 180000] Loss: 1.6790, π: 0.0009, V: 3.3883, H: 1.609, Adv: -0.34±1.83, Ratio: 1.001
Model saved to ppo_model.pth
Model saved at step 180000
[Ep 181] R: -65.84 (Avg100: -55.56), Len: 1000, Steps: 181000
[MC] [Step 181000] Loss: 1.1884, π: 0.0000, V: 2.4089, H: 1.608, Adv: -0.64±1.49, Ratio: 1.000
[Ep 182] R: -62.33 (Avg100: -55.81), Len: 1000, Steps: 182000
[MC] [Step 182000] Loss: 1.0149, π: 0.0003, V: 2.0613, H: 1.608, Adv: 0.16±1.42, Ratio: 1.004
[Ep 183] R: -48.53 (Avg100: -55.90), Len: 1000, Steps: 183000
[MC] [Step 183000] Loss: 2.4684, π: -0.0006, V: 4.9701, H: 1.607, Adv: 1.43±1.82, Ratio: 1.000
[Ep 184] R: -58.04 (Avg100: -56.00), Len: 1000, Steps: 184000
[MC] [Step 184000] Loss: 1.2043, π: 0.0029, V: 2.4349, H: 1.606, Adv: 0.26±1.55, Ratio: 1.002
[Ep 185] R: -46.13 (Avg100: -55.87), Len: 1000, Steps: 185000
[MC] [Step 185000] Loss: 1.5169, π: 0.0237, V: 3.0185, H: 1.599, Adv: 0.83±1.63, Ratio: 1.018
[Ep 186] R: -57.52 (Avg100: -55.78), Len: 1000, Steps: 186000
[MC] [Step 186000] Loss: 1.5989, π: 0.0108, V: 3.2083, H: 1.607, Adv: -1.01±1.58, Ratio: 1.003
[Ep 187] R: -48.15 (Avg100: -55.64), Len: 1000, Steps: 187000
[MC] [Step 187000] Loss: 1.5705, π: 0.0040, V: 3.1651, H: 1.607, Adv: 0.45±1.71, Ratio: 1.006
[Ep 188] R: -63.33 (Avg100: -55.86), Len: 1000, Steps: 188000
[MC] [Step 188000] Loss: 1.3745, π: 0.0017, V: 2.7777, H: 1.607, Adv: -0.75±1.48, Ratio: 1.003
[Ep 189] R: -55.39 (Avg100: -56.00), Len: 1000, Steps: 189000
[MC] [Step 189000] Loss: 1.7367, π: -0.0024, V: 3.5102, H: 1.609, Adv: -0.19±1.87, Ratio: 1.002
[Ep 190] R: -55.56 (Avg100: -56.06), Len: 1000, Steps: 190000
[MC] [Step 190000] Loss: 1.0789, π: 0.0004, V: 2.1891, H: 1.606, Adv: 0.20±1.48, Ratio: 1.004
Model saved to ppo_model.pth
Model saved at step 190000
[Ep 191] R: -44.44 (Avg100: -56.01), Len: 1000, Steps: 191000
[MC] [Step 191000] Loss: 1.4830, π: 0.0244, V: 2.9491, H: 1.595, Adv: 0.71±1.68, Ratio: 1.011
[Ep 192] R: -60.85 (Avg100: -56.06), Len: 1000, Steps: 192000
[MC] [Step 192000] Loss: 2.1613, π: 0.0028, V: 4.3490, H: 1.600, Adv: -1.51±1.70, Ratio: 1.010
[Ep 193] R: -60.13 (Avg100: -55.95), Len: 1000, Steps: 193000
[MC] [Step 193000] Loss: 1.0140, π: 0.0063, V: 2.0474, H: 1.603, Adv: -0.36±1.41, Ratio: 1.018
[Ep 194] R: -58.86 (Avg100: -55.95), Len: 1000, Steps: 194000
[MC] [Step 194000] Loss: 2.2246, π: 0.0023, V: 4.4767, H: 1.606, Adv: 0.27±2.10, Ratio: 1.002
[Ep 195] R: -68.57 (Avg100: -56.08), Len: 1000, Steps: 195000
[MC] [Step 195000] Loss: 1.5558, π: -0.0019, V: 3.1477, H: 1.606, Adv: -0.72±1.61, Ratio: 1.005
[Ep 196] R: -47.37 (Avg100: -55.99), Len: 1000, Steps: 196000
[MC] [Step 196000] Loss: 1.7045, π: 0.0033, V: 3.4344, H: 1.608, Adv: 1.03±1.54, Ratio: 1.003
[Ep 197] R: -57.30 (Avg100: -55.95), Len: 1000, Steps: 197000
[MC] [Step 197000] Loss: 1.6698, π: 0.0014, V: 3.3690, H: 1.606, Adv: 0.13±1.84, Ratio: 1.002
[Ep 198] R: -61.17 (Avg100: -55.88), Len: 1000, Steps: 198000
[MC] [Step 198000] Loss: 1.1957, π: 0.0162, V: 2.3909, H: 1.600, Adv: -0.54±1.50, Ratio: 1.005
[Ep 199] R: -58.76 (Avg100: -55.85), Len: 1000, Steps: 199000
[MC] [Step 199000] Loss: 1.1570, π: 0.0167, V: 2.3126, H: 1.596, Adv: 0.14±1.58, Ratio: 0.999
[Ep 200] R: -54.69 (Avg100: -55.92), Len: 1000, Steps: 200000
[MC] [Step 200000] Loss: 0.8739, π: 0.0627, V: 1.6535, H: 1.548, Adv: -0.76±1.27, Ratio: 1.012
Model saved to ppo_model.pth
Model saved at step 200000
[Ep 201] R: -50.16 (Avg100: -55.96), Len: 1000, Steps: 201000
[MC] [Step 201000] Loss: 2.0521, π: 0.0424, V: 4.0512, H: 1.593, Adv: -0.33±2.45, Ratio: 1.020
[Ep 202] R: -47.18 (Avg100: -55.85), Len: 1000, Steps: 202000
[MC] [Step 202000] Loss: 2.1358, π: 0.0133, V: 4.2771, H: 1.603, Adv: 0.87±2.02, Ratio: 1.007
[Ep 203] R: -56.68 (Avg100: -55.84), Len: 1000, Steps: 203000
[MC] [Step 203000] Loss: 2.3983, π: -0.0032, V: 4.8351, H: 1.606, Adv: -0.43±2.18, Ratio: 0.997
[Ep 204] R: -66.36 (Avg100: -55.97), Len: 1000, Steps: 204000
[MC] [Step 204000] Loss: 1.4731, π: 0.0093, V: 2.9597, H: 1.602, Adv: -1.22±1.48, Ratio: 1.014
[Ep 205] R: -62.20 (Avg100: -56.15), Len: 1000, Steps: 205000
[MC] [Step 205000] Loss: 1.2305, π: 0.0026, V: 2.4879, H: 1.603, Adv: 0.26±1.50, Ratio: 0.999
[Ep 206] R: -56.08 (Avg100: -56.16), Len: 1000, Steps: 206000
[MC] [Step 206000] Loss: 1.5656, π: 0.0169, V: 3.1292, H: 1.600, Adv: 0.69±1.60, Ratio: 1.015
[Ep 207] R: -57.45 (Avg100: -56.16), Len: 1000, Steps: 207000
[MC] [Step 207000] Loss: 1.2451, π: -0.0006, V: 2.5236, H: 1.607, Adv: -0.71±1.55, Ratio: 1.004
[Ep 208] R: -55.78 (Avg100: -56.08), Len: 1000, Steps: 208000
[MC] [Step 208000] Loss: 0.7608, π: 0.0018, V: 1.5502, H: 1.608, Adv: -0.50±1.24, Ratio: 1.004
[Ep 209] R: -56.95 (Avg100: -56.06), Len: 1000, Steps: 209000
[MC] [Step 209000] Loss: 0.6677, π: 0.0008, V: 1.3658, H: 1.607, Adv: 0.07±1.21, Ratio: 1.000
[Ep 210] R: -49.49 (Avg100: -56.14), Len: 1000, Steps: 210000
[MC] [Step 210000] Loss: 1.8265, π: 0.0057, V: 3.6738, H: 1.607, Adv: 0.16±2.05, Ratio: 1.005
Model saved to ppo_model.pth
Model saved at step 210000
[Ep 211] R: -62.15 (Avg100: -56.20), Len: 1000, Steps: 211000
[MC] [Step 211000] Loss: 1.8936, π: -0.0001, V: 3.8196, H: 1.609, Adv: -0.75±1.82, Ratio: 1.002
[Ep 212] R: -50.00 (Avg100: -56.03), Len: 1000, Steps: 212000
[MC] [Step 212000] Loss: 1.4132, π: -0.0054, V: 2.8693, H: 1.607, Adv: 0.66±1.60, Ratio: 1.003
[Ep 213] R: -42.15 (Avg100: -55.89), Len: 1000, Steps: 213000
[MC] [Step 213000] Loss: 1.4916, π: -0.0019, V: 3.0192, H: 1.608, Adv: 0.35±1.74, Ratio: 1.001
[Ep 214] R: -49.15 (Avg100: -55.87), Len: 1000, Steps: 214000
[MC] [Step 214000] Loss: 1.4368, π: -0.0026, V: 2.9110, H: 1.607, Adv: -0.12±1.70, Ratio: 1.004
